<?xml version="1.0" encoding="UTF-8"?>
<!-- Generated by org.testng.reporters.JUnitReportReporter -->
<testsuite skipped="0" hostname="PushpaRoyPC" name="TestNg.TestNg.SeleniumThirdAssignment" tests="1" failures="0" timestamp="2020-09-16T16:34:23 CDT" time="49.174" errors="0">
  <testcase name="ChromeLaunch" time="49.174" classname="TestNg.TestNg.SeleniumThirdAssignment"/>
  <system-out/>
</testsuite> <!-- TestNg.TestNg.SeleniumThirdAssignment -->
