<?xml version="1.0" encoding="UTF-8"?>
<!-- Generated by org.testng.reporters.JUnitReportReporter -->
<testsuite skipped="0" hostname="PushpaRoyPC" name="TestNGFirst.TestNgFirstPractice" tests="1" failures="0" timestamp="2020-09-16T15:15:47 CDT" time="27.707" errors="0">
  <testcase name="ChromeLaunch" time="27.707" classname="TestNGFirst.TestNgFirstPractice"/>
  <system-out/>
</testsuite> <!-- TestNGFirst.TestNgFirstPractice -->
